# JRE version: Java(TM) SE Runtime Environment (8.0_221-b11) (build 1.8.0_221-b11)
# Java VM: Java HotSpot(TM) 64-Bit Server VM (25.221-b11 mixed mode linux-amd64 compressed oops)
Heap:
 PSYoungGen      total 508416K, used 463732K [0x00000000d6f00000, 0x00000000faa80000, 0x0000000100000000)
  eden space 434176K, 96% used [0x00000000d6f00000,0x00000000f09c5ee0,0x00000000f1700000)
  from space 74240K, 58% used [0x00000000f5f80000,0x00000000f89973f8,0x00000000fa800000)
  to   space 74240K, 0% used [0x00000000f1700000,0x00000000f1700000,0x00000000f5f80000)
 ParOldGen       total 151040K, used 63365K [0x0000000084c00000, 0x000000008df80000, 0x00000000d6f00000)
  object space 151040K, 41% used [0x0000000084c00000,0x00000000889e1438,0x000000008df80000)
 Metaspace       used 12232K, capacity 12428K, committed 12672K, reserved 1060864K
  class space    used 1255K, capacity 1310K, committed 1408K, reserved 1048576K
GC Heap History (10 events):
Event: 3,896 GC heap before
{Heap before GC invocations=5 (full 1):
 PSYoungGen      total 132096K, used 5094K [0x00000000d6f00000, 0x00000000df500000, 0x0000000100000000)
  eden space 126976K, 0% used [0x00000000d6f00000,0x00000000d6f00000,0x00000000deb00000)
  from space 5120K, 99% used [0x00000000df000000,0x00000000df4f98c0,0x00000000df500000)
  to   space 5120K, 0% used [0x00000000deb00000,0x00000000deb00000,0x00000000df000000)
 ParOldGen       total 91648K, used 90466K [0x0000000084c00000, 0x000000008a580000, 0x00000000d6f00000)
  object space 91648K, 98% used [0x0000000084c00000,0x000000008a4589f8,0x000000008a580000)
 Metaspace       used 10626K, capacity 10828K, committed 11008K, reserved 1058816K
  class space    used 1092K, capacity 1182K, committed 1280K, reserved 1048576K
Event: 3,976 GC heap after
Heap after GC invocations=5 (full 1):
 PSYoungGen      total 132096K, used 0K [0x00000000d6f00000, 0x00000000df500000, 0x0000000100000000)
  eden space 126976K, 0% used [0x00000000d6f00000,0x00000000d6f00000,0x00000000deb00000)
  from space 5120K, 0% used [0x00000000df000000,0x00000000df000000,0x00000000df500000)
  to   space 5120K, 0% used [0x00000000deb00000,0x00000000deb00000,0x00000000df000000)
 ParOldGen       total 151040K, used 59429K [0x0000000084c00000, 0x000000008df80000, 0x00000000d6f00000)
  object space 151040K, 39% used [0x0000000084c00000,0x0000000088609438,0x000000008df80000)
 Metaspace       used 10626K, capacity 10828K, committed 11008K, reserved 1058816K
  class space    used 1092K, capacity 1182K, committed 1280K, reserved 1048576K
}
Event: 4,138 GC heap before
{Heap before GC invocations=6 (full 1):
 PSYoungGen      total 132096K, used 117411K [0x00000000d6f00000, 0x00000000df500000, 0x0000000100000000)
  eden space 126976K, 92% used [0x00000000d6f00000,0x00000000de1a8d20,0x00000000deb00000)
  from space 5120K, 0% used [0x00000000df000000,0x00000000df000000,0x00000000df500000)
  to   space 5120K, 0% used [0x00000000deb00000,0x00000000deb00000,0x00000000df000000)
 ParOldGen       total 151040K, used 59429K [0x0000000084c00000, 0x000000008df80000, 0x00000000d6f00000)
  object space 151040K, 39% used [0x0000000084c00000,0x0000000088609438,0x000000008df80000)
 Metaspace       used 10650K, capacity 10892K, committed 11008K, reserved 1058816K
  class space    used 1092K, capacity 1182K, committed 1280K, reserved 1048576K
Event: 4,154 GC heap after
Heap after GC invocations=6 (full 1):
 PSYoungGen      total 132096K, used 5117K [0x00000000d6f00000, 0x00000000ec780000, 0x0000000100000000)
  eden space 126976K, 0% used [0x00000000d6f00000,0x00000000d6f00000,0x00000000deb00000)
  from space 5120K, 99% used [0x00000000deb00000,0x00000000defff578,0x00000000df000000)
  to   space 59392K, 0% used [0x00000000e8d80000,0x00000000e8d80000,0x00000000ec780000)
 ParOldGen       total 151040K, used 63365K [0x0000000084c00000, 0x000000008df80000, 0x00000000d6f00000)
  object space 151040K, 41% used [0x0000000084c00000,0x00000000889e1438,0x000000008df80000)
 Metaspace       used 10650K, capacity 10892K, committed 11008K, reserved 1058816K
  class space    used 1092K, capacity 1182K, committed 1280K, reserved 1048576K
}
Event: 4,292 GC heap before
{Heap before GC invocations=7 (full 1):
 PSYoungGen      total 132096K, used 132093K [0x00000000d6f00000, 0x00000000ec780000, 0x0000000100000000)
  eden space 126976K, 100% used [0x00000000d6f00000,0x00000000deb00000,0x00000000deb00000)
  from space 5120K, 99% used [0x00000000deb00000,0x00000000defff578,0x00000000df000000)
  to   space 59392K, 0% used [0x00000000e8d80000,0x00000000e8d80000,0x00000000ec780000)
 ParOldGen       total 151040K, used 63365K [0x0000000084c00000, 0x000000008df80000, 0x00000000d6f00000)
  object space 151040K, 41% used [0x0000000084c00000,0x00000000889e1438,0x000000008df80000)
 Metaspace       used 10653K, capacity 10892K, committed 11008K, reserved 1058816K
  class space    used 1092K, capacity 1182K, committed 1280K, reserved 1048576K
Event: 4,350 GC heap after
Heap after GC invocations=7 (full 1):
 PSYoungGen      total 289280K, used 41418K [0x00000000d6f00000, 0x00000000ed500000, 0x0000000100000000)
  eden space 229888K, 0% used [0x00000000d6f00000,0x00000000d6f00000,0x00000000e4f80000)
  from space 59392K, 69% used [0x00000000e8d80000,0x00000000eb5f2be8,0x00000000ec780000)
  to   space 63488K, 0% used [0x00000000e4f80000,0x00000000e4f80000,0x00000000e8d80000)
 ParOldGen       total 151040K, used 63365K [0x0000000084c00000, 0x000000008df80000, 0x00000000d6f00000)
  object space 151040K, 41% used [0x0000000084c00000,0x00000000889e1438,0x000000008df80000)
 Metaspace       used 10653K, capacity 10892K, committed 11008K, reserved 1058816K
  class space    used 1092K, capacity 1182K, committed 1280K, reserved 1048576K
}
Event: 4,552 GC heap before
{Heap before GC invocations=8 (full 1):
 PSYoungGen      total 289280K, used 271306K [0x00000000d6f00000, 0x00000000ed500000, 0x0000000100000000)
  eden space 229888K, 100% used [0x00000000d6f00000,0x00000000e4f80000,0x00000000e4f80000)
  from space 59392K, 69% used [0x00000000e8d80000,0x00000000eb5f2be8,0x00000000ec780000)
  to   space 63488K, 0% used [0x00000000e4f80000,0x00000000e4f80000,0x00000000e8d80000)
 ParOldGen       total 151040K, used 63365K [0x0000000084c00000, 0x000000008df80000, 0x00000000d6f00000)
  object space 151040K, 41% used [0x0000000084c00000,0x00000000889e1438,0x000000008df80000)
 Metaspace       used 10655K, capacity 10892K, committed 11008K, reserved 1058816K
  class space    used 1092K, capacity 1182K, committed 1280K, reserved 1048576K
Event: 4,595 GC heap after
Heap after GC invocations=8 (full 1):
 PSYoungGen      total 293376K, used 58546K [0x00000000d6f00000, 0x00000000fa800000, 0x0000000100000000)
  eden space 229888K, 0% used [0x00000000d6f00000,0x00000000d6f00000,0x00000000e4f80000)
  from space 63488K, 92% used [0x00000000e4f80000,0x00000000e88acab8,0x00000000e8d80000)
  to   space 74240K, 0% used [0x00000000f5f80000,0x00000000f5f80000,0x00000000fa800000)
 ParOldGen       total 151040K, used 63365K [0x0000000084c00000, 0x000000008df80000, 0x00000000d6f00000)
  object space 151040K, 41% used [0x0000000084c00000,0x00000000889e1438,0x000000008df80000)
 Metaspace       used 10655K, capacity 10892K, committed 11008K, reserved 1058816K
  class space    used 1092K, capacity 1182K, committed 1280K, reserved 1048576K
}
Event: 4,743 GC heap before
{Heap before GC invocations=9 (full 1):
 PSYoungGen      total 293376K, used 288434K [0x00000000d6f00000, 0x00000000fa800000, 0x0000000100000000)
  eden space 229888K, 100% used [0x00000000d6f00000,0x00000000e4f80000,0x00000000e4f80000)
  from space 63488K, 92% used [0x00000000e4f80000,0x00000000e88acab8,0x00000000e8d80000)
  to   space 74240K, 0% used [0x00000000f5f80000,0x00000000f5f80000,0x00000000fa800000)
 ParOldGen       total 151040K, used 63365K [0x0000000084c00000, 0x000000008df80000, 0x00000000d6f00000)
  object space 151040K, 41% used [0x0000000084c00000,0x00000000889e1438,0x000000008df80000)
 Metaspace       used 10661K, capacity 10892K, committed 11008K, reserved 1058816K
  class space    used 1092K, capacity 1182K, committed 1280K, reserved 1048576K
Event: 4,793 GC heap after
Heap after GC invocations=9 (full 1):
 PSYoungGen      total 508416K, used 43100K [0x00000000d6f00000, 0x00000000faa80000, 0x0000000100000000)
  eden space 434176K, 0% used [0x00000000d6f00000,0x00000000d6f00000,0x00000000f1700000)
  from space 74240K, 58% used [0x00000000f5f80000,0x00000000f89973f8,0x00000000fa800000)
  to   space 74240K, 0% used [0x00000000f1700000,0x00000000f1700000,0x00000000f5f80000)
 ParOldGen       total 151040K, used 63365K [0x0000000084c00000, 0x000000008df80000, 0x00000000d6f00000)
  object space 151040K, 41% used [0x0000000084c00000,0x00000000889e1438,0x000000008df80000)
 Metaspace       used 10661K, capacity 10892K, committed 11008K, reserved 1058816K
  class space    used 1092K, capacity 1182K, committed 1280K, reserved 1048576K
}

